[2020-10-29 03:35:11,049] {taskinstance.py:670} INFO - Dependencies all met for <TaskInstance: weather-alert-source-data.print_end_time 2020-10-29T02:00:00+00:00 [queued]>
[2020-10-29 03:35:11,095] {taskinstance.py:670} INFO - Dependencies all met for <TaskInstance: weather-alert-source-data.print_end_time 2020-10-29T02:00:00+00:00 [queued]>
[2020-10-29 03:35:11,096] {taskinstance.py:880} INFO - 
--------------------------------------------------------------------------------
[2020-10-29 03:35:11,096] {taskinstance.py:881} INFO - Starting attempt 1 of 2
[2020-10-29 03:35:11,097] {taskinstance.py:882} INFO - 
--------------------------------------------------------------------------------
[2020-10-29 03:35:11,163] {taskinstance.py:901} INFO - Executing <Task(BashOperator): print_end_time> on 2020-10-29T02:00:00+00:00
[2020-10-29 03:35:11,171] {standard_task_runner.py:54} INFO - Started process 215 to run task
[2020-10-29 03:35:11,210] {standard_task_runner.py:77} INFO - Running: ['airflow', 'run', 'weather-alert-source-data', 'print_end_time', '2020-10-29T02:00:00+00:00', '--job_id', '12', '--pool', 'default_pool', '--raw', '-sd', 'DAGS_FOLDER/weather-alert-dag.py', '--cfg_path', '/tmp/tmptu3lzprq']
[2020-10-29 03:35:11,212] {standard_task_runner.py:78} INFO - Job 12: Subtask print_end_time
[2020-10-29 03:35:11,330] {logging_mixin.py:112} INFO - Running %s on host %s <TaskInstance: weather-alert-source-data.print_end_time 2020-10-29T02:00:00+00:00 [running]> 8211a1e74de5
[2020-10-29 03:35:11,351] {bash_operator.py:113} INFO - Tmp dir root location: 
 /tmp
[2020-10-29 03:35:11,353] {bash_operator.py:136} INFO - Temporary script location: /tmp/airflowtmpc7ta_pb8/print_end_timezm5m3p1t
[2020-10-29 03:35:11,353] {bash_operator.py:146} INFO - Running command: echo `date "+%Y-%m-%d%H:%M:%S"` "- Airflow Task Finished"
[2020-10-29 03:35:11,360] {bash_operator.py:153} INFO - Output:
[2020-10-29 03:35:11,362] {bash_operator.py:157} INFO - 2020-10-2903:35:11 - Airflow Task Finished
[2020-10-29 03:35:11,363] {bash_operator.py:161} INFO - Command exited with return code 0
[2020-10-29 03:35:11,391] {taskinstance.py:1070} INFO - Marking task as SUCCESS.dag_id=weather-alert-source-data, task_id=print_end_time, execution_date=20201029T020000, start_date=20201029T033511, end_date=20201029T033511
[2020-10-29 03:35:16,022] {local_task_job.py:102} INFO - Task exited with return code 0
[2020-10-29 04:16:49,659] {taskinstance.py:664} INFO - Dependencies not met for <TaskInstance: weather-alert-source-data.print_end_time 2020-10-29T02:00:00+00:00 [queued]>, dependency 'Trigger Rule' FAILED: Task's trigger rule 'all_success' requires all upstream tasks to have succeeded, but found 1 non-success(es). upstream_tasks_state={'total': 1, 'successes': 0, 'skipped': 0, 'failed': 0, 'upstream_failed': 0, 'done': 0}, upstream_task_ids={'docker_command'}
[2020-10-29 04:16:49,690] {local_task_job.py:90} INFO - Task is not able to be run
