[2020-10-29 04:24:43,185] {taskinstance.py:670} INFO - Dependencies all met for <TaskInstance: weather-alert-source-data.print_start_time 2020-10-29T04:24:38.810938+00:00 [queued]>
[2020-10-29 04:24:43,347] {taskinstance.py:670} INFO - Dependencies all met for <TaskInstance: weather-alert-source-data.print_start_time 2020-10-29T04:24:38.810938+00:00 [queued]>
[2020-10-29 04:24:43,349] {taskinstance.py:880} INFO - 
--------------------------------------------------------------------------------
[2020-10-29 04:24:43,349] {taskinstance.py:881} INFO - Starting attempt 1 of 2
[2020-10-29 04:24:43,349] {taskinstance.py:882} INFO - 
--------------------------------------------------------------------------------
[2020-10-29 04:24:43,396] {taskinstance.py:901} INFO - Executing <Task(BashOperator): print_start_time> on 2020-10-29T04:24:38.810938+00:00
[2020-10-29 04:24:43,408] {standard_task_runner.py:54} INFO - Started process 373 to run task
[2020-10-29 04:24:43,453] {standard_task_runner.py:77} INFO - Running: ['airflow', 'run', 'weather-alert-source-data', 'print_start_time', '2020-10-29T04:24:38.810938+00:00', '--job_id', '20', '--pool', 'default_pool', '--raw', '-sd', 'DAGS_FOLDER/weather-alert-dag.py', '--cfg_path', '/tmp/tmpyxo3x_5v']
[2020-10-29 04:24:43,460] {standard_task_runner.py:78} INFO - Job 20: Subtask print_start_time
[2020-10-29 04:24:43,521] {logging_mixin.py:112} INFO - Running %s on host %s <TaskInstance: weather-alert-source-data.print_start_time 2020-10-29T04:24:38.810938+00:00 [running]> 26449acb70c3
[2020-10-29 04:24:43,598] {bash_operator.py:113} INFO - Tmp dir root location: 
 /tmp
[2020-10-29 04:24:43,601] {bash_operator.py:136} INFO - Temporary script location: /tmp/airflowtmp1qu0lhxr/print_start_time43ghg7s8
[2020-10-29 04:24:43,601] {bash_operator.py:146} INFO - Running command: echo `date "+%Y-%m-%d%H:%M:%S"` "- Airflow Task Started"
[2020-10-29 04:24:43,607] {bash_operator.py:153} INFO - Output:
[2020-10-29 04:24:43,611] {bash_operator.py:157} INFO - 2020-10-2904:24:43 - Airflow Task Started
[2020-10-29 04:24:43,611] {bash_operator.py:161} INFO - Command exited with return code 0
[2020-10-29 04:24:43,642] {taskinstance.py:1070} INFO - Marking task as SUCCESS.dag_id=weather-alert-source-data, task_id=print_start_time, execution_date=20201029T042438, start_date=20201029T042443, end_date=20201029T042443
[2020-10-29 04:24:48,151] {local_task_job.py:102} INFO - Task exited with return code 0
