[2020-10-29 01:00:06,734] {taskinstance.py:670} INFO - Dependencies all met for <TaskInstance: weather-alert-source-data.print_end_time 2020-10-29T00:00:00+00:00 [queued]>
[2020-10-29 01:00:06,775] {taskinstance.py:670} INFO - Dependencies all met for <TaskInstance: weather-alert-source-data.print_end_time 2020-10-29T00:00:00+00:00 [queued]>
[2020-10-29 01:00:06,775] {taskinstance.py:880} INFO - 
--------------------------------------------------------------------------------
[2020-10-29 01:00:06,776] {taskinstance.py:881} INFO - Starting attempt 1 of 2
[2020-10-29 01:00:06,776] {taskinstance.py:882} INFO - 
--------------------------------------------------------------------------------
[2020-10-29 01:00:06,817] {taskinstance.py:901} INFO - Executing <Task(BashOperator): print_end_time> on 2020-10-29T00:00:00+00:00
[2020-10-29 01:00:06,826] {standard_task_runner.py:54} INFO - Started process 9474 to run task
[2020-10-29 01:00:06,878] {standard_task_runner.py:77} INFO - Running: ['airflow', 'run', 'weather-alert-source-data', 'print_end_time', '2020-10-29T00:00:00+00:00', '--job_id', '5', '--pool', 'default_pool', '--raw', '-sd', 'DAGS_FOLDER/weather-alert-dag.py', '--cfg_path', '/tmp/tmpw6gncmhf']
[2020-10-29 01:00:06,881] {standard_task_runner.py:78} INFO - Job 5: Subtask print_end_time
[2020-10-29 01:00:06,944] {logging_mixin.py:112} INFO - Running %s on host %s <TaskInstance: weather-alert-source-data.print_end_time 2020-10-29T00:00:00+00:00 [running]> c784450f7e27
[2020-10-29 01:00:06,964] {bash_operator.py:113} INFO - Tmp dir root location: 
 /tmp
[2020-10-29 01:00:06,965] {bash_operator.py:136} INFO - Temporary script location: /tmp/airflowtmpyqkkyv94/print_end_timefsmw2azr
[2020-10-29 01:00:06,966] {bash_operator.py:146} INFO - Running command: echo `date "+%Y-%m-%d%H:%M:%S"` "- Airflow Task Finished"
[2020-10-29 01:00:06,972] {bash_operator.py:153} INFO - Output:
[2020-10-29 01:00:06,974] {bash_operator.py:157} INFO - 2020-10-2901:00:06 - Airflow Task Finished
[2020-10-29 01:00:06,975] {bash_operator.py:161} INFO - Command exited with return code 0
[2020-10-29 01:00:07,006] {taskinstance.py:1070} INFO - Marking task as SUCCESS.dag_id=weather-alert-source-data, task_id=print_end_time, execution_date=20201029T000000, start_date=20201029T010006, end_date=20201029T010007
[2020-10-29 01:00:11,707] {local_task_job.py:102} INFO - Task exited with return code 0
[2020-10-29 04:16:40,647] {taskinstance.py:664} INFO - Dependencies not met for <TaskInstance: weather-alert-source-data.print_end_time 2020-10-29T00:00:00+00:00 [queued]>, dependency 'Trigger Rule' FAILED: Task's trigger rule 'all_success' requires all upstream tasks to have succeeded, but found 1 non-success(es). upstream_tasks_state={'total': 1, 'successes': 0, 'skipped': 0, 'failed': 0, 'upstream_failed': 0, 'done': 0}, upstream_task_ids={'docker_command'}
[2020-10-29 04:16:40,690] {local_task_job.py:90} INFO - Task is not able to be run
