[2020-10-29 04:16:20,432] {taskinstance.py:670} INFO - Dependencies all met for <TaskInstance: weather-alert-source-data.print_start_time 2020-10-29T01:00:00+00:00 [queued]>
[2020-10-29 04:16:20,724] {taskinstance.py:670} INFO - Dependencies all met for <TaskInstance: weather-alert-source-data.print_start_time 2020-10-29T01:00:00+00:00 [queued]>
[2020-10-29 04:16:20,741] {taskinstance.py:880} INFO - 
--------------------------------------------------------------------------------
[2020-10-29 04:16:20,758] {taskinstance.py:881} INFO - Starting attempt 1 of 2
[2020-10-29 04:16:20,772] {taskinstance.py:882} INFO - 
--------------------------------------------------------------------------------
[2020-10-29 04:16:20,870] {taskinstance.py:901} INFO - Executing <Task(BashOperator): print_start_time> on 2020-10-29T01:00:00+00:00
[2020-10-29 04:16:20,886] {standard_task_runner.py:54} INFO - Started process 450 to run task
[2020-10-29 04:16:21,529] {standard_task_runner.py:77} INFO - Running: ['airflow', 'run', 'weather-alert-source-data', 'print_start_time', '2020-10-29T01:00:00+00:00', '--job_id', '6', '--pool', 'default_pool', '--raw', '-sd', 'DAGS_FOLDER/weather-alert-dag.py', '--cfg_path', '/tmp/tmpp5ymnpy5']
[2020-10-29 04:16:21,644] {standard_task_runner.py:78} INFO - Job 6: Subtask print_start_time
[2020-10-29 04:16:22,312] {logging_mixin.py:112} INFO - Running %s on host %s <TaskInstance: weather-alert-source-data.print_start_time 2020-10-29T01:00:00+00:00 [running]> 37c7ce38cfab
[2020-10-29 04:16:22,708] {bash_operator.py:113} INFO - Tmp dir root location: 
 /tmp
[2020-10-29 04:16:22,716] {bash_operator.py:136} INFO - Temporary script location: /tmp/airflowtmpjmzzjkj9/print_start_timeaea004c6
[2020-10-29 04:16:22,718] {bash_operator.py:146} INFO - Running command: echo `date "+%Y-%m-%d%H:%M:%S"` "- Airflow Task Started"
[2020-10-29 04:16:22,761] {bash_operator.py:153} INFO - Output:
[2020-10-29 04:16:22,783] {bash_operator.py:157} INFO - 2020-10-2904:16:22 - Airflow Task Started
[2020-10-29 04:16:22,790] {bash_operator.py:161} INFO - Command exited with return code 0
[2020-10-29 04:16:22,830] {taskinstance.py:1070} INFO - Marking task as SUCCESS.dag_id=weather-alert-source-data, task_id=print_start_time, execution_date=20201029T010000, start_date=20201029T041620, end_date=20201029T041622
[2020-10-29 04:16:23,377] {local_task_job.py:102} INFO - Task exited with return code 0
