[2020-10-29 00:28:43,918] {taskinstance.py:670} INFO - Dependencies all met for <TaskInstance: weather-alert-source-data.print_end_time 2020-10-28T23:00:00+00:00 [queued]>
[2020-10-29 00:28:44,133] {taskinstance.py:670} INFO - Dependencies all met for <TaskInstance: weather-alert-source-data.print_end_time 2020-10-28T23:00:00+00:00 [queued]>
[2020-10-29 00:28:44,157] {taskinstance.py:880} INFO - 
--------------------------------------------------------------------------------
[2020-10-29 00:28:44,158] {taskinstance.py:881} INFO - Starting attempt 1 of 2
[2020-10-29 00:28:44,158] {taskinstance.py:882} INFO - 
--------------------------------------------------------------------------------
[2020-10-29 00:28:44,291] {taskinstance.py:901} INFO - Executing <Task(BashOperator): print_end_time> on 2020-10-28T23:00:00+00:00
[2020-10-29 00:28:44,295] {standard_task_runner.py:54} INFO - Started process 438 to run task
[2020-10-29 00:28:44,484] {standard_task_runner.py:77} INFO - Running: ['airflow', 'run', 'weather-alert-source-data', 'print_end_time', '2020-10-28T23:00:00+00:00', '--job_id', '3', '--pool', 'default_pool', '--raw', '-sd', 'DAGS_FOLDER/weather-alert-dag.py', '--cfg_path', '/tmp/tmpyq51pe8x']
[2020-10-29 00:28:44,487] {standard_task_runner.py:78} INFO - Job 3: Subtask print_end_time
[2020-10-29 00:28:44,618] {logging_mixin.py:112} INFO - Running %s on host %s <TaskInstance: weather-alert-source-data.print_end_time 2020-10-28T23:00:00+00:00 [running]> c784450f7e27
[2020-10-29 00:28:44,678] {bash_operator.py:113} INFO - Tmp dir root location: 
 /tmp
[2020-10-29 00:28:44,686] {bash_operator.py:136} INFO - Temporary script location: /tmp/airflowtmpwch2wq4o/print_end_time7pevyjoe
[2020-10-29 00:28:44,695] {bash_operator.py:146} INFO - Running command: echo `date "+%Y-%m-%d%H:%M:%S"` "- Airflow Task Finished"
[2020-10-29 00:28:44,730] {bash_operator.py:153} INFO - Output:
[2020-10-29 00:28:44,735] {bash_operator.py:157} INFO - 2020-10-2900:28:44 - Airflow Task Finished
[2020-10-29 00:28:44,736] {bash_operator.py:161} INFO - Command exited with return code 0
[2020-10-29 00:28:44,780] {taskinstance.py:1070} INFO - Marking task as SUCCESS.dag_id=weather-alert-source-data, task_id=print_end_time, execution_date=20201028T230000, start_date=20201029T002843, end_date=20201029T002844
[2020-10-29 00:28:48,538] {local_task_job.py:102} INFO - Task exited with return code 0
