[2020-10-29 04:16:27,084] {taskinstance.py:670} INFO - Dependencies all met for <TaskInstance: weather-alert-source-data.print_start_time 2020-10-29T03:00:00+00:00 [queued]>
[2020-10-29 04:16:27,170] {taskinstance.py:670} INFO - Dependencies all met for <TaskInstance: weather-alert-source-data.print_start_time 2020-10-29T03:00:00+00:00 [queued]>
[2020-10-29 04:16:27,170] {taskinstance.py:880} INFO - 
--------------------------------------------------------------------------------
[2020-10-29 04:16:27,171] {taskinstance.py:881} INFO - Starting attempt 1 of 2
[2020-10-29 04:16:27,171] {taskinstance.py:882} INFO - 
--------------------------------------------------------------------------------
[2020-10-29 04:16:27,221] {taskinstance.py:901} INFO - Executing <Task(BashOperator): print_start_time> on 2020-10-29T03:00:00+00:00
[2020-10-29 04:16:27,286] {standard_task_runner.py:54} INFO - Started process 467 to run task
[2020-10-29 04:16:27,515] {standard_task_runner.py:77} INFO - Running: ['airflow', 'run', 'weather-alert-source-data', 'print_start_time', '2020-10-29T03:00:00+00:00', '--job_id', '10', '--pool', 'default_pool', '--raw', '-sd', 'DAGS_FOLDER/weather-alert-dag.py', '--cfg_path', '/tmp/tmp2bx3m21e']
[2020-10-29 04:16:27,531] {standard_task_runner.py:78} INFO - Job 10: Subtask print_start_time
[2020-10-29 04:16:27,774] {logging_mixin.py:112} INFO - Running %s on host %s <TaskInstance: weather-alert-source-data.print_start_time 2020-10-29T03:00:00+00:00 [running]> 37c7ce38cfab
[2020-10-29 04:16:27,983] {bash_operator.py:113} INFO - Tmp dir root location: 
 /tmp
[2020-10-29 04:16:27,986] {bash_operator.py:136} INFO - Temporary script location: /tmp/airflowtmpvqg0m_54/print_start_time5r620e40
[2020-10-29 04:16:27,986] {bash_operator.py:146} INFO - Running command: echo `date "+%Y-%m-%d%H:%M:%S"` "- Airflow Task Started"
[2020-10-29 04:16:28,002] {bash_operator.py:153} INFO - Output:
[2020-10-29 04:16:28,025] {bash_operator.py:157} INFO - 2020-10-2904:16:28 - Airflow Task Started
[2020-10-29 04:16:28,026] {bash_operator.py:161} INFO - Command exited with return code 0
[2020-10-29 04:16:28,142] {taskinstance.py:1070} INFO - Marking task as SUCCESS.dag_id=weather-alert-source-data, task_id=print_start_time, execution_date=20201029T030000, start_date=20201029T041627, end_date=20201029T041628
[2020-10-29 04:16:32,581] {local_task_job.py:102} INFO - Task exited with return code 0
