[2020-10-29 01:00:02,866] {taskinstance.py:670} INFO - Dependencies all met for <TaskInstance: weather-alert-source-data.print_start_time 2020-10-29T00:00:00+00:00 [queued]>
[2020-10-29 01:00:02,921] {taskinstance.py:670} INFO - Dependencies all met for <TaskInstance: weather-alert-source-data.print_start_time 2020-10-29T00:00:00+00:00 [queued]>
[2020-10-29 01:00:02,921] {taskinstance.py:880} INFO - 
--------------------------------------------------------------------------------
[2020-10-29 01:00:02,922] {taskinstance.py:881} INFO - Starting attempt 1 of 2
[2020-10-29 01:00:02,922] {taskinstance.py:882} INFO - 
--------------------------------------------------------------------------------
[2020-10-29 01:00:02,954] {taskinstance.py:901} INFO - Executing <Task(BashOperator): print_start_time> on 2020-10-29T00:00:00+00:00
[2020-10-29 01:00:02,964] {standard_task_runner.py:54} INFO - Started process 9447 to run task
[2020-10-29 01:00:02,999] {standard_task_runner.py:77} INFO - Running: ['airflow', 'run', 'weather-alert-source-data', 'print_start_time', '2020-10-29T00:00:00+00:00', '--job_id', '4', '--pool', 'default_pool', '--raw', '-sd', 'DAGS_FOLDER/weather-alert-dag.py', '--cfg_path', '/tmp/tmp_poi5zth']
[2020-10-29 01:00:03,001] {standard_task_runner.py:78} INFO - Job 4: Subtask print_start_time
[2020-10-29 01:00:03,069] {logging_mixin.py:112} INFO - Running %s on host %s <TaskInstance: weather-alert-source-data.print_start_time 2020-10-29T00:00:00+00:00 [running]> c784450f7e27
[2020-10-29 01:00:03,098] {bash_operator.py:113} INFO - Tmp dir root location: 
 /tmp
[2020-10-29 01:00:03,099] {bash_operator.py:136} INFO - Temporary script location: /tmp/airflowtmpddozd0x9/print_start_time4auhe6b5
[2020-10-29 01:00:03,099] {bash_operator.py:146} INFO - Running command: echo `date "+%Y-%m-%d%H:%M:%S"` "- Airflow Task Started"
[2020-10-29 01:00:03,105] {bash_operator.py:153} INFO - Output:
[2020-10-29 01:00:03,108] {bash_operator.py:157} INFO - 2020-10-2901:00:03 - Airflow Task Started
[2020-10-29 01:00:03,108] {bash_operator.py:161} INFO - Command exited with return code 0
[2020-10-29 01:00:03,162] {taskinstance.py:1070} INFO - Marking task as SUCCESS.dag_id=weather-alert-source-data, task_id=print_start_time, execution_date=20201029T000000, start_date=20201029T010002, end_date=20201029T010003
[2020-10-29 01:00:07,850] {local_task_job.py:102} INFO - Task exited with return code 0
[2020-10-29 04:16:10,879] {taskinstance.py:670} INFO - Dependencies all met for <TaskInstance: weather-alert-source-data.print_start_time 2020-10-29T00:00:00+00:00 [queued]>
[2020-10-29 04:16:11,004] {taskinstance.py:670} INFO - Dependencies all met for <TaskInstance: weather-alert-source-data.print_start_time 2020-10-29T00:00:00+00:00 [queued]>
[2020-10-29 04:16:11,019] {taskinstance.py:880} INFO - 
--------------------------------------------------------------------------------
[2020-10-29 04:16:11,019] {taskinstance.py:881} INFO - Starting attempt 1 of 2
[2020-10-29 04:16:11,020] {taskinstance.py:882} INFO - 
--------------------------------------------------------------------------------
[2020-10-29 04:16:11,129] {taskinstance.py:901} INFO - Executing <Task(BashOperator): print_start_time> on 2020-10-29T00:00:00+00:00
[2020-10-29 04:16:11,137] {standard_task_runner.py:54} INFO - Started process 439 to run task
[2020-10-29 04:16:11,655] {standard_task_runner.py:77} INFO - Running: ['airflow', 'run', 'weather-alert-source-data', 'print_start_time', '2020-10-29T00:00:00+00:00', '--job_id', '3', '--pool', 'default_pool', '--raw', '-sd', 'DAGS_FOLDER/weather-alert-dag.py', '--cfg_path', '/tmp/tmpsindr0qd']
[2020-10-29 04:16:11,677] {standard_task_runner.py:78} INFO - Job 3: Subtask print_start_time
[2020-10-29 04:16:12,172] {logging_mixin.py:112} INFO - Running %s on host %s <TaskInstance: weather-alert-source-data.print_start_time 2020-10-29T00:00:00+00:00 [running]> 37c7ce38cfab
[2020-10-29 04:16:12,926] {bash_operator.py:113} INFO - Tmp dir root location: 
 /tmp
[2020-10-29 04:16:12,942] {bash_operator.py:136} INFO - Temporary script location: /tmp/airflowtmpktrfqkkx/print_start_timesojepile
[2020-10-29 04:16:12,960] {bash_operator.py:146} INFO - Running command: echo `date "+%Y-%m-%d%H:%M:%S"` "- Airflow Task Started"
[2020-10-29 04:16:13,080] {bash_operator.py:153} INFO - Output:
[2020-10-29 04:16:13,131] {bash_operator.py:157} INFO - 2020-10-2904:16:13 - Airflow Task Started
[2020-10-29 04:16:13,132] {bash_operator.py:161} INFO - Command exited with return code 0
[2020-10-29 04:16:13,207] {taskinstance.py:1070} INFO - Marking task as SUCCESS.dag_id=weather-alert-source-data, task_id=print_start_time, execution_date=20201029T000000, start_date=20201029T041610, end_date=20201029T041613
[2020-10-29 04:16:15,722] {local_task_job.py:102} INFO - Task exited with return code 0
